<?xml version="1.0" encoding="UTF-8"?>
<testsuite xmlns:xsi="http://www.w3.org/2001/XMLSchema-instance" xsi:noNamespaceSchemaLocation="https://maven.apache.org/surefire/maven-surefire-plugin/xsd/surefire-test-report.xsd" version="3.0.2" name="com.interview.patientapi.SpringCloudPatientApiChallengeApplicationTests" time="2.356" tests="1" errors="0" skipped="0" failures="0">
  <properties>
[...]
</properties>
  <testcase name="contextLoads" classname="com.interview.patientapi.SpringCloudPatientApiChallengeApplicationTests" time="0.007">
    <system-out><![CDATA[19:29:02.281 [main] INFO org.springframework.test.context.support.AnnotationConfigContextLoaderUtils -- Could not detect default configuration classes for test class [com.interview.patientapi.SpringCloudPatientApiChallengeApplicationTests]: SpringCloudPatientApiChallengeApplicationTests does not declare any static, non-private, non-final, nested classes annotated with @Configuration.
19:29:02.379 [main] INFO org.springframework.boot.test.context.SpringBootTestContextBootstrapper -- Found @SpringBootConfiguration com.interview.patientapi.SpringCloudPatientApiChallengeApplication for test class com.interview.patientapi.SpringCloudPatientApiChallengeApplicationTests
19:29:02.483 [main] INFO org.springframework.boot.devtools.restart.RestartApplicationListener -- Restart disabled due to context in which it is running

  .   ____          _            __ _ _
 /\\ / ___'_ __ _ _(_)_ __  __ _ \ \ \ \
( ( )\___ | '_ | '_| | '_ \/ _` | \ \ \ \
 \\/  ___)| |_)| | | | | || (_| |  ) ) ) )
  '  |____| .__|_| |_|_| |_\__, | / / / /
 =========|_|==============|___/=/_/_/_/

 :: Spring Boot ::                (v3.4.3)

2025-03-17T19:29:02.654+03:00  INFO 145 --- [spring-cloud-patient-api-challenge] [           main] CloudPatientApiChallengeApplicationTests : Starting SpringCloudPatientApiChallengeApplicationTests using Java 23.0.2 with PID 145 (started by helena in /Users/helena/Desktop/spring-cloud-patient-api-challenge-private)
2025-03-17T19:29:02.655+03:00  INFO 145 --- [spring-cloud-patient-api-challenge] [           main] CloudPatientApiChallengeApplicationTests : No active profile set, falling back to 1 default profile: "default"
2025-03-17T19:29:03.054+03:00  INFO 145 --- [spring-cloud-patient-api-challenge] [           main] .s.d.r.c.RepositoryConfigurationDelegate : Bootstrapping Spring Data JPA repositories in DEFAULT mode.
2025-03-17T19:29:03.084+03:00  INFO 145 --- [spring-cloud-patient-api-challenge] [           main] .s.d.r.c.RepositoryConfigurationDelegate : Finished Spring Data repository scanning in 22 ms. Found 0 JPA repository interfaces.
2025-03-17T19:29:03.421+03:00  INFO 145 --- [spring-cloud-patient-api-challenge] [           main] com.zaxxer.hikari.HikariDataSource       : HikariPool-1 - Starting...
2025-03-17T19:29:03.549+03:00  INFO 145 --- [spring-cloud-patient-api-challenge] [           main] com.zaxxer.hikari.pool.HikariPool        : HikariPool-1 - Added connection conn0: url=jdbc:h2:mem:b842c68e-c76f-4d87-8870-61358f53932d user=SA
2025-03-17T19:29:03.551+03:00  INFO 145 --- [spring-cloud-patient-api-challenge] [           main] com.zaxxer.hikari.HikariDataSource       : HikariPool-1 - Start completed.
2025-03-17T19:29:03.596+03:00  INFO 145 --- [spring-cloud-patient-api-challenge] [           main] o.hibernate.jpa.internal.util.LogHelper  : HHH000204: Processing PersistenceUnitInfo [name: default]
2025-03-17T19:29:03.639+03:00  INFO 145 --- [spring-cloud-patient-api-challenge] [           main] org.hibernate.Version                    : HHH000412: Hibernate ORM core version 6.6.8.Final
2025-03-17T19:29:03.669+03:00  INFO 145 --- [spring-cloud-patient-api-challenge] [           main] o.h.c.internal.RegionFactoryInitiator    : HHH000026: Second-level cache disabled
2025-03-17T19:29:03.766+03:00  INFO 145 --- [spring-cloud-patient-api-challenge] [           main] o.s.o.j.p.SpringPersistenceUnitInfo      : No LoadTimeWeaver setup: ignoring JPA class transformer
2025-03-17T19:29:03.823+03:00  INFO 145 --- [spring-cloud-patient-api-challenge] [           main] org.hibernate.orm.connections.pooling    : HHH10001005: Database info:
	Database JDBC URL [Connecting through datasource 'HikariDataSource (HikariPool-1)']
	Database driver: undefined/unknown
	Database version: 2.3.232
	Autocommit mode: undefined/unknown
	Isolation level: undefined/unknown
	Minimum pool size: undefined/unknown
	Maximum pool size: undefined/unknown
2025-03-17T19:29:04.064+03:00  INFO 145 --- [spring-cloud-patient-api-challenge] [           main] o.h.e.t.j.p.i.JtaPlatformInitiator       : HHH000489: No JTA platform available (set 'hibernate.transaction.jta.platform' to enable JTA platform integration)
2025-03-17T19:29:04.068+03:00  INFO 145 --- [spring-cloud-patient-api-challenge] [           main] j.LocalContainerEntityManagerFactoryBean : Initialized JPA EntityManagerFactory for persistence unit 'default'
2025-03-17T19:29:04.227+03:00  WARN 145 --- [spring-cloud-patient-api-challenge] [           main] JpaBaseConfiguration$JpaWebConfiguration : spring.jpa.open-in-view is enabled by default. Therefore, database queries may be performed during view rendering. Explicitly configure spring.jpa.open-in-view to disable this warning
2025-03-17T19:29:04.524+03:00  INFO 145 --- [spring-cloud-patient-api-challenge] [           main] CloudPatientApiChallengeApplicationTests : Started SpringCloudPatientApiChallengeApplicationTests in 2.049 seconds (process running for 3.673)
]]></system-out>
  </testcase>
</testsuite>